<?xml version="1.0" encoding="UTF-8"?>
<!-- Generated by org.testng.reporters.JUnitReportReporter -->
<testsuite skipped="0" hostname="SAO-LT-190506E" name="MyPackage.Ex1" tests="1" failures="0" timestamp="2020-02-29T12:17:50 CST" time="235.830" errors="0">
  <testcase name="ExercisesAJava1" time="235.830" classname="MyPackage.Ex1"/>
</testsuite> <!-- MyPackage.Ex1 -->
